Determining if the pthread_create exist failed with the following output:
Change Dir: /home/endo/bito/build/CMakeFiles/CMakeTmp

Run Build Command:"/usr/bin/make" "cmTC_45c6c/fast"
/usr/bin/make -f CMakeFiles/cmTC_45c6c.dir/build.make CMakeFiles/cmTC_45c6c.dir/build
make[1]: Entering directory '/home/endo/bito/build/CMakeFiles/CMakeTmp'
Building C object CMakeFiles/cmTC_45c6c.dir/CheckSymbolExists.c.o
/usr/bin/cc     -o CMakeFiles/cmTC_45c6c.dir/CheckSymbolExists.c.o   -c /home/endo/bito/build/CMakeFiles/CMakeTmp/CheckSymbolExists.c
Linking C executable cmTC_45c6c
/usr/bin/cmake -E cmake_link_script CMakeFiles/cmTC_45c6c.dir/link.txt --verbose=1
/usr/bin/cc       CMakeFiles/cmTC_45c6c.dir/CheckSymbolExists.c.o  -o cmTC_45c6c -rdynamic 
CMakeFiles/cmTC_45c6c.dir/CheckSymbolExists.c.o: In function `main':
CheckSymbolExists.c:(.text+0x16): undefined reference to `pthread_create'
collect2: error: ld returned 1 exit status
CMakeFiles/cmTC_45c6c.dir/build.make:97: recipe for target 'cmTC_45c6c' failed
make[1]: *** [cmTC_45c6c] Error 1
make[1]: Leaving directory '/home/endo/bito/build/CMakeFiles/CMakeTmp'
Makefile:126: recipe for target 'cmTC_45c6c/fast' failed
make: *** [cmTC_45c6c/fast] Error 2

File /home/endo/bito/build/CMakeFiles/CMakeTmp/CheckSymbolExists.c:
/* */
#include <pthread.h>

int main(int argc, char** argv)
{
  (void)argv;
#ifndef pthread_create
  return ((int*)(&pthread_create))[argc];
#else
  (void)argc;
  return 0;
#endif
}

Determining if the function pthread_create exists in the pthreads failed with the following output:
Change Dir: /home/endo/bito/build/CMakeFiles/CMakeTmp

Run Build Command:"/usr/bin/make" "cmTC_9ffdd/fast"
/usr/bin/make -f CMakeFiles/cmTC_9ffdd.dir/build.make CMakeFiles/cmTC_9ffdd.dir/build
make[1]: Entering directory '/home/endo/bito/build/CMakeFiles/CMakeTmp'
Building C object CMakeFiles/cmTC_9ffdd.dir/CheckFunctionExists.c.o
/usr/bin/cc    -DCHECK_FUNCTION_EXISTS=pthread_create   -o CMakeFiles/cmTC_9ffdd.dir/CheckFunctionExists.c.o   -c /usr/share/cmake-3.5/Modules/CheckFunctionExists.c
Linking C executable cmTC_9ffdd
/usr/bin/cmake -E cmake_link_script CMakeFiles/cmTC_9ffdd.dir/link.txt --verbose=1
/usr/bin/cc   -DCHECK_FUNCTION_EXISTS=pthread_create    CMakeFiles/cmTC_9ffdd.dir/CheckFunctionExists.c.o  -o cmTC_9ffdd -rdynamic -lpthreads 
/usr/bin/ld: cannot find -lpthreads
collect2: error: ld returned 1 exit status
CMakeFiles/cmTC_9ffdd.dir/build.make:97: recipe for target 'cmTC_9ffdd' failed
make[1]: *** [cmTC_9ffdd] Error 1
make[1]: Leaving directory '/home/endo/bito/build/CMakeFiles/CMakeTmp'
Makefile:126: recipe for target 'cmTC_9ffdd/fast' failed
make: *** [cmTC_9ffdd/fast] Error 2


